<?xml version="1.0" encoding="UTF-8"?>
<testng-results skipped="0" failed="0" ignored="0" total="1" passed="1">
  <reporter-output>
  </reporter-output>
  <suite name="Suite" duration-ms="61" started-at="2022-08-17T19:54:39 IST" finished-at="2022-08-17T19:54:39 IST">
    <groups>
    </groups>
    <test name="Test" duration-ms="61" started-at="2022-08-17T19:54:39 IST" finished-at="2022-08-17T19:54:39 IST">
      <class name="com.learnautomation.testcases.Test">
        <test-method status="PASS" signature="test()[pri:0, instance:com.learnautomation.testcases.Test@6ee52dcd]" name="test" duration-ms="9" started-at="2022-08-17T19:54:39 IST" finished-at="2022-08-17T19:54:39 IST">
          <reporter-output>
          </reporter-output>
        </test-method> <!-- test -->
      </class> <!-- com.learnautomation.testcases.Test -->
    </test> <!-- Test -->
  </suite> <!-- Suite -->
</testng-results>
